2024-12-05 20:09:55,911 - pyswarms.single.global_best - INFO - Optimize for 150 iters with {'c1': 1.5, 'c2': 2, 'w': 0.4}
2024-12-05 20:44:37,760 - pyswarms.single.global_best - INFO - Optimization finished | best cost: -700359.192627176, best pos: [0.47583313 0.54029617 0.25078302 0.46016103 0.56855668 0.46050644
 0.51653479 0.52107086 0.38425528 0.46386095 0.46996846 0.48009969
 0.29477752 0.38017053 0.32026179 0.34895084 0.60937786 0.44654156
 0.55518557 0.62837251 0.6257119  0.52245421 0.64523518 0.41013037
 0.72353344 0.42766257 0.43477    0.23762633 0.33974268 0.30998521
 0.59255426 0.49455663 0.39858366 0.43920758 0.53607231 0.52698137
 0.6356849  0.37870932 0.47012809 0.40444081 0.40495813 0.60909846
 0.73274447 0.27567427 0.26466845 0.61568895 0.59664767 0.55815933
 0.89569463]
2024-12-05 20:46:35,751 - pyswarms.single.global_best - INFO - Optimize for 150 iters with {'c1': 1.5, 'c2': 2, 'w': 0.4}
2024-12-05 20:46:52,836 - pyswarms.single.global_best - INFO - Optimize for 10 iters with {'c1': 1.5, 'c2': 2, 'w': 0.4}
2024-12-05 20:46:59,048 - pyswarms.single.global_best - INFO - Optimization finished | best cost: -537629.8915990961, best pos: [0.42865969 0.44159558 0.28510327 0.38349355 0.65924075 0.28215526
 0.58075162 0.86946561 0.46039989 0.29949734 0.25660084 0.28632362
 0.37098559 0.55803347 0.33668068 0.46036329 0.81906076 0.21296527
 0.74387168 0.66017719 0.55595489 0.52441866 0.85997744 0.37768826
 0.34597784 0.37494878 0.3241191  0.60759439 0.43908228 0.52214754
 0.86118755 0.51358596 0.45885652 0.64547566 0.63185251 0.35923246
 0.8781155  0.6481183  0.3318687  0.53282554 0.52724846 0.89527056
 0.54333304 0.28313843 0.67595029 0.29721618 0.53728737 0.7376331
 0.77777252]
2024-12-05 21:03:24,630 - pyswarms.single.global_best - INFO - Optimize for 10 iters with {'c1': 1.5, 'c2': 2, 'w': 0.4}
2024-12-05 21:03:31,079 - pyswarms.single.global_best - INFO - Optimization finished | best cost: -528406.3288846578, best pos: [0.34247138 0.78257318 0.26632575 0.29777346 0.75116199 0.73102286
 0.84492315 0.662721   0.40501428 0.72370069 0.58298968 0.39210967
 0.38488278 0.75205148 0.26551301 0.46841683 0.75288492 0.20474322
 0.8101694  0.86685496 0.55875289 0.39304034 0.71556649 0.46382985
 0.74519717 0.55447588 0.28473448 0.36442162 0.62590409 0.30824961
 0.59188908 0.63919269 0.53492961 0.46441084 0.60515561 0.75302793
 0.73063879 0.74575628 0.39396844 0.64881774 0.34809042 0.88213404
 0.66815239 0.49406278 0.46896897 0.30883765 0.40755204 0.6827782
 0.53269733]
2024-12-05 21:04:30,702 - pyswarms.single.global_best - INFO - Optimize for 10 iters with {'c1': 1.5, 'c2': 2, 'w': 0.4}
2024-12-05 21:05:14,446 - pyswarms.single.global_best - INFO - Optimization finished | best cost: -524438.0649275563, best pos: [0.36652959 0.68998676 0.24113913 0.36779799 0.67704172 0.74604103
 0.53136827 0.38126118 0.38841075 0.43016753 0.37872456 0.43256191
 0.7304701  0.69327559 0.48030824 0.48567572 0.68826631 0.3879014
 0.56461111 0.63925145 0.60586565 0.29215725 0.24713066 0.41172195
 0.86599708 0.21478161 0.70561628 0.5508499  0.65299727 0.71227829
 0.5214512  0.34050699 0.4300395  0.84788202 0.30004135 0.88385996
 0.58841659 0.63440718 0.6485814  0.64098279 0.77887846 0.83136819
 0.54594337 0.59276553 0.35373498 0.68379992 0.60070004 0.35247924
 0.89256965]
2024-12-05 21:06:24,454 - pyswarms.single.global_best - INFO - Optimize for 10 iters with {'c1': 1.5, 'c2': 2, 'w': 0.4}
2024-12-05 21:06:31,024 - pyswarms.single.global_best - INFO - Optimization finished | best cost: -543688.9119902302, best pos: [0.42509473 0.30672796 0.3912836  0.42427571 0.79621586 0.21972256
 0.54540667 0.64919677 0.27947042 0.45919108 0.44375003 0.38984599
 0.36139397 0.48755548 0.22204348 0.60541314 0.33833031 0.41018074
 0.69052374 0.51573434 0.72140916 0.62678893 0.33249801 0.49470537
 0.74572011 0.27237008 0.84205596 0.55245929 0.69963871 0.65957328
 0.67114847 0.32941811 0.43360366 0.83368316 0.29147907 0.4295411
 0.74935971 0.28162274 0.85124689 0.53205308 0.51786957 0.65486786
 0.65605816 0.4160671  0.35928769 0.40563424 0.20864736 0.53637035
 0.41629038]
2024-12-05 21:08:58,439 - pyswarms.single.global_best - INFO - Optimize for 10 iters with {'c1': 1.5, 'c2': 2, 'w': 0.4}
2024-12-05 21:09:04,807 - pyswarms.single.global_best - INFO - Optimization finished | best cost: -505887.1704370377, best pos: [0.72582656 0.57338767 0.33911632 0.30672474 0.50398981 0.48427031
 0.50459717 0.87026031 0.32368447 0.47027003 0.34064408 0.48152437
 0.36510624 0.61330109 0.48300151 0.48804409 0.69591501 0.59010546
 0.56678036 0.68155551 0.54227377 0.43599913 0.36184953 0.48905623
 0.51188696 0.62895853 0.38460723 0.79489354 0.8663594  0.23958768
 0.85832115 0.5642397  0.87622753 0.22185775 0.62555203 0.59541846
 0.66556097 0.71700619 0.33908327 0.67995583 0.63636433 0.8467483
 0.6385903  0.74679547 0.4143071  0.75518046 0.7383393  0.32857701
 0.62933285]
2024-12-05 21:16:35,725 - pyswarms.single.global_best - INFO - Optimize for 150 iters with {'c1': 1.5, 'c2': 2, 'w': 0.4}
2024-12-05 21:16:46,004 - pyswarms.single.global_best - INFO - Optimize for 10 iters with {'c1': 1.5, 'c2': 2, 'w': 0.4}
2024-12-05 21:16:52,100 - pyswarms.single.global_best - INFO - Optimization finished | best cost: -574365.8843638225, best pos: [0.74593819 0.46510162 0.3330743  0.41158476 0.59019252 0.46288156
 0.59333421 0.83578472 0.41685029 0.37641083 0.42783915 0.32420438
 0.46714769 0.67539674 0.39155519 0.39374696 0.67009383 0.21798341
 0.79845257 0.26925098 0.50430519 0.35915579 0.44356666 0.64494947
 0.71746748 0.54108271 0.41154478 0.39888538 0.75200583 0.72392084
 0.63432396 0.70409824 0.45204223 0.78386431 0.59341067 0.65798776
 0.8716826  0.54125622 0.22750551 0.383336   0.60727487 0.75704496
 0.47390017 0.82439053 0.48036719 0.20873359 0.21060657 0.77824716
 0.7321621 ]
2024-12-05 21:19:43,081 - pyswarms.single.global_best - INFO - Optimize for 10 iters with {'c1': 1.5, 'c2': 2, 'w': 0.4}
2024-12-05 21:21:28,687 - pyswarms.single.global_best - INFO - Optimize for 10 iters with {'c1': 1.5, 'c2': 2, 'w': 0.4}
2024-12-05 21:21:35,295 - pyswarms.single.global_best - INFO - Optimization finished | best cost: -551141.5964902546, best pos: [0.35050552 0.79621716 0.27329455 0.42397408 0.85374462 0.73145492
 0.31251022 0.71981731 0.20129279 0.29487484 0.36750866 0.32066427
 0.33887498 0.58623465 0.51152376 0.28539604 0.39814078 0.63746673
 0.37338849 0.52926292 0.89013723 0.88761584 0.63040503 0.56650593
 0.58462626 0.49199958 0.36752835 0.3973155  0.56457244 0.23452272
 0.60431287 0.45152222 0.77652514 0.61023422 0.61023551 0.35532474
 0.70399713 0.33313172 0.2592724  0.50378569 0.73328222 0.24595315
 0.5419201  0.78941817 0.49046842 0.72676983 0.60264916 0.44918321
 0.61976991]
2024-12-05 21:25:25,951 - pyswarms.single.global_best - INFO - Optimize for 50 iters with {'c1': 1.5, 'c2': 2.0, 'w': 0.4}
2024-12-05 21:26:07,960 - pyswarms.single.global_best - INFO - Optimization finished | best cost: -517351.52084118477, best pos: [0.46867235 0.72799203 0.61990913 0.37421498 0.48913943 0.57670584
 0.68625088 0.51853229 0.30442392 0.24958139 0.39311805 0.57284619
 0.72251155 0.5706827  0.77930549 0.54223791 0.56828916 0.80829966
 0.49772567 0.71865356 0.80607175 0.57497338 0.50232903 0.67422304
 0.3944191  0.46421058 0.37446082 0.35615683 0.45507157 0.34122037
 0.30319413 0.34136739 0.47397848 0.46453645 0.34395843 0.84857064
 0.43345458 0.41998786 0.53366321 0.89096872 0.6631975  0.62095917
 0.47278473 0.41642557 0.45780948 0.48410386 0.58439206 0.64687849
 0.56417894 0.55629696 0.5799522  0.59540018 0.73237408 0.42924663
 0.64837747 0.71972757 0.80038427 0.58370034 0.55568425 0.89089795
 0.53506863 0.65480988 0.50900475 0.66219719 0.61508221 0.74418579
 0.64031159 0.50130391 0.43901299 0.55173522 0.22921321 0.7880062
 0.59694174 0.7812701  0.40457812 0.47744579 0.8449341  0.7227688
 0.40579618 0.25572075 0.52374658 0.35788795 0.41061703 0.60861332
 0.37972994 0.49435742 0.57206228 0.48991466 0.66307372 0.62513724
 0.58336524 0.68123827 0.67229074 0.3610378  0.68793539 0.59881723
 0.69410179 0.44761237 0.41467562 0.40167615 0.71032775 0.38753224
 0.67777002 0.49497329 0.72198468 0.25307514 0.26832081 0.38720266
 0.77194729 0.8674227  0.39603566 0.53305699 0.65096643 0.22640781
 0.54321563 0.65312383 0.56664447 0.47429157 0.30477463 0.3967166
 0.38506029 0.55708269 0.52078471 0.68838269 0.54924012 0.37838098
 0.36141041 0.53062624 0.48135885 0.48437259 0.36297752 0.35411399
 0.66498657 0.25202812 0.69077815 0.40285076 0.58061055 0.62632919
 0.39563151 0.64492201 0.33290598 0.4512411  0.48032246 0.44022069
 0.71535843 0.70503595 0.70824854]
2024-12-05 21:32:30,858 - pyswarms.single.global_best - INFO - Optimize for 50 iters with {'c1': 1.5, 'c2': 2.0, 'w': 0.4}
2024-12-05 21:33:52,270 - pyswarms.single.global_best - INFO - Optimization finished | best cost: -594501.4960387896, best pos: [0.50014244 0.67681088 0.49251801 0.22696994 0.62575916 0.7167278
 0.66303227 0.61591251 0.36372498 0.35719076 0.31020978 0.4649534
 0.34446568 0.51689811 0.35532545 0.49002417 0.76974733 0.507723
 0.58106062 0.50584032 0.63383276 0.81730502 0.84214906 0.47454193
 0.70856517 0.80203386 0.78101884 0.51394191 0.53854602 0.38714672
 0.50474148 0.69187502 0.73402271 0.33853776 0.44341525 0.57933225
 0.61230695 0.65856568 0.45459816 0.59617685 0.37536473 0.35547882
 0.88992975 0.49535844 0.33695667 0.4020834  0.86854338 0.67422488
 0.62027492]
2024-12-05 21:35:29,517 - pyswarms.single.global_best - INFO - Optimize for 150 iters with {'c1': 1.5, 'c2': 2, 'w': 0.4}
2024-12-05 22:23:37,475 - pyswarms.single.global_best - INFO - Optimization finished | best cost: -686556.6407901457, best pos: [0.34271378 0.78159014 0.47540869 0.38405293 0.57431853 0.50991016
 0.55039502 0.79472784 0.29076789 0.31363212 0.49594971 0.48002965
 0.34524766 0.43527608 0.32087589 0.39282695 0.6102043  0.38964522
 0.69365875 0.84176479 0.6585283  0.55580261 0.72402644 0.38162054
 0.7990188  0.48601507 0.4559899  0.46498519 0.61055092 0.48139987
 0.68912846 0.65965718 0.75941949 0.68569135 0.31502684 0.34614967
 0.42343461 0.41731929 0.43788293 0.22833168 0.42126197 0.80431555
 0.74800446 0.7998231  0.61088011 0.83285717 0.36978306 0.38530938
 0.87411987]
